<?xml version="1.0" encoding="UTF-8"?>
<testng-results skipped="0" failed="0" total="1" passed="1">
  <reporter-output>
  </reporter-output>
  <suite name="Default suite" duration-ms="31225" started-at="2017-05-24T12:46:09Z" finished-at="2017-05-24T12:46:40Z">
    <groups>
    </groups>
    <test name="Default test" duration-ms="31225" started-at="2017-05-24T12:46:09Z" finished-at="2017-05-24T12:46:40Z">
      <class name="gittest.AppTest">
        <test-method status="PASS" signature="initialize()[pri:0, instance:gittest.AppTest@feb3fa]" name="initialize" is-config="true" duration-ms="47" started-at="2017-05-24T18:16:09Z" finished-at="2017-05-24T18:16:09Z">
          <reporter-output>
          </reporter-output>
        </test-method> <!-- initialize -->
        <test-method status="PASS" signature="test()[pri:0, instance:gittest.AppTest@feb3fa]" name="test" duration-ms="27366" started-at="2017-05-24T18:16:09Z" finished-at="2017-05-24T18:16:36Z">
          <reporter-output>
          </reporter-output>
        </test-method> <!-- test -->
        <test-method status="PASS" signature="close()[pri:0, instance:gittest.AppTest@feb3fa]" name="close" is-config="true" duration-ms="3779" started-at="2017-05-24T18:16:36Z" finished-at="2017-05-24T18:16:40Z">
          <reporter-output>
          </reporter-output>
        </test-method> <!-- close -->
      </class> <!-- gittest.AppTest -->
    </test> <!-- Default test -->
  </suite> <!-- Default suite -->
</testng-results>
