<?xml version="1.0" encoding="UTF-8"?>
<testng-results skipped="0" failed="0" total="1" passed="1">
  <reporter-output>
  </reporter-output>
  <suite name="Suite" duration-ms="25436" started-at="2017-04-20T06:08:15Z" finished-at="2017-04-20T06:08:41Z">
    <groups>
    </groups>
    <test name="Test" duration-ms="25436" started-at="2017-04-20T06:08:15Z" finished-at="2017-04-20T06:08:41Z">
      <class name="gittest.AppTest">
        <test-method status="PASS" signature="initialize()[pri:0, instance:gittest.AppTest@be2bc2]" name="initialize" is-config="true" duration-ms="13" started-at="2017-04-20T11:38:15Z" finished-at="2017-04-20T11:38:15Z">
          <reporter-output>
          </reporter-output>
        </test-method> <!-- initialize -->
        <test-method status="PASS" signature="test()[pri:0, instance:gittest.AppTest@be2bc2]" name="test" duration-ms="23558" started-at="2017-04-20T11:38:15Z" finished-at="2017-04-20T11:38:39Z">
          <reporter-output>
          </reporter-output>
        </test-method> <!-- test -->
        <test-method status="PASS" signature="close()[pri:0, instance:gittest.AppTest@be2bc2]" name="close" is-config="true" duration-ms="1838" started-at="2017-04-20T11:38:39Z" finished-at="2017-04-20T11:38:41Z">
          <reporter-output>
          </reporter-output>
        </test-method> <!-- close -->
      </class> <!-- gittest.AppTest -->
    </test> <!-- Test -->
  </suite> <!-- Suite -->
</testng-results>
